<?xml version="1.0" encoding="UTF-8"?>
<!-- Generated by org.testng.reporters.JUnitReportReporter -->
<testsuite hostname="RAKESH" name="Fresh.NewTest" tests="2" failures="0" timestamp="17 May 2024 10:35:13 GMT" time="522.521" errors="0">
  <testcase name="login" time="250.627" classname="Fresh.NewTest"/>
  <testcase name="login" time="271.894" classname="Fresh.NewTest"/>
</testsuite> <!-- Fresh.NewTest -->
